0 info it worked if it ends with ok
1 verbose cli [ '/usr/local/bin/node',
1 verbose cli   '/usr/local/bin/npm',
1 verbose cli   'install',
1 verbose cli   '--global',
1 verbose cli   'elm' ]
2 info using npm@2.14.7
3 info using node@v4.2.1
4 verbose install initial load of /usr/local/lib/package.json
5 verbose readDependencies loading dependencies from /usr/local/lib/package.json
6 silly cache add args [ 'elm', null ]
7 verbose cache add spec elm
8 silly cache add parsed spec Result {
8 silly cache add   raw: 'elm',
8 silly cache add   scope: null,
8 silly cache add   name: 'elm',
8 silly cache add   rawSpec: '',
8 silly cache add   spec: '*',
8 silly cache add   type: 'range' }
9 silly addNamed elm@*
10 verbose addNamed "*" is a valid semver range for elm
11 silly addNameRange { name: 'elm', range: '*', hasData: false }
12 silly mapToRegistry name elm
13 silly mapToRegistry using default registry
14 silly mapToRegistry registry https://registry.npmjs.org/
15 silly mapToRegistry uri https://registry.npmjs.org/elm
16 verbose addNameRange registry:https://registry.npmjs.org/elm not in flight; fetching
17 verbose request uri https://registry.npmjs.org/elm
18 verbose request no auth needed
19 info attempt registry request try #1 at 4:56:43 PM
20 verbose request id 8b9e03b8e02d4fd7
21 http request GET https://registry.npmjs.org/elm
22 http 200 https://registry.npmjs.org/elm
23 verbose headers { server: 'CouchDB/1.5.0 (Erlang OTP/R16B03)',
23 verbose headers   etag: '"BB9EX2QHGO1PZQID3ZKKYWVUH"',
23 verbose headers   'content-type': 'application/json',
23 verbose headers   'content-encoding': 'gzip',
23 verbose headers   'cache-control': 'max-age=300',
23 verbose headers   'content-length': '4988',
23 verbose headers   'accept-ranges': 'bytes',
23 verbose headers   date: 'Sat, 21 May 2016 15:56:44 GMT',
23 verbose headers   via: '1.1 varnish',
23 verbose headers   age: '0',
23 verbose headers   connection: 'keep-alive',
23 verbose headers   'x-served-by': 'cache-lcy1133-LCY',
23 verbose headers   'x-cache': 'MISS',
23 verbose headers   'x-cache-hits': '0',
23 verbose headers   'x-timer': 'S1463846203.875602,VS0,VE237',
23 verbose headers   vary: 'Accept-Encoding' }
24 silly get cb [ 200,
24 silly get   { server: 'CouchDB/1.5.0 (Erlang OTP/R16B03)',
24 silly get     etag: '"BB9EX2QHGO1PZQID3ZKKYWVUH"',
24 silly get     'content-type': 'application/json',
24 silly get     'content-encoding': 'gzip',
24 silly get     'cache-control': 'max-age=300',
24 silly get     'content-length': '4988',
24 silly get     'accept-ranges': 'bytes',
24 silly get     date: 'Sat, 21 May 2016 15:56:44 GMT',
24 silly get     via: '1.1 varnish',
24 silly get     age: '0',
24 silly get     connection: 'keep-alive',
24 silly get     'x-served-by': 'cache-lcy1133-LCY',
24 silly get     'x-cache': 'MISS',
24 silly get     'x-cache-hits': '0',
24 silly get     'x-timer': 'S1463846203.875602,VS0,VE237',
24 silly get     vary: 'Accept-Encoding' } ]
25 verbose get saving elm to /Users/Home/.npm/registry.npmjs.org/elm/.cache.json
26 verbose makeDirectory /Users/Home/.npm creation not in flight; initializing
27 silly makeDirectory /Users/Home/.npm uid: 501 gid: 20
28 silly addNameRange number 2 { name: 'elm', range: '*', hasData: true }
29 silly addNameRange versions [ 'elm',
29 silly addNameRange   [ '0.0.0',
29 silly addNameRange     '1.2.0',
29 silly addNameRange     '1.3.0',
29 silly addNameRange     '1.4.0',
29 silly addNameRange     '1.4.1',
29 silly addNameRange     '1.5.0',
29 silly addNameRange     '1.5.1',
29 silly addNameRange     '1.5.2',
29 silly addNameRange     '2.0.0',
29 silly addNameRange     '0.15.1-alpha',
29 silly addNameRange     '0.15.1-beta',
29 silly addNameRange     '0.15.1-beta2',
29 silly addNameRange     '0.15.1-beta3',
29 silly addNameRange     '0.15.1',
29 silly addNameRange     '0.15.1-beta4',
29 silly addNameRange     '0.15.1-beta5',
29 silly addNameRange     '0.16.0-alpha',
29 silly addNameRange     '0.16.0',
29 silly addNameRange     '0.17.0-alpha1',
29 silly addNameRange     '0.17.0-alpha2',
29 silly addNameRange     '0.17.0' ] ]
30 silly addNamed elm@0.17.0
31 verbose addNamed "0.17.0" is a plain semver version for elm
32 silly mapToRegistry name elm
33 silly mapToRegistry using default registry
34 silly mapToRegistry registry https://registry.npmjs.org/
35 silly mapToRegistry uri https://registry.npmjs.org/elm
36 verbose addRemoteTarball https://registry.npmjs.org/elm/-/elm-0.17.0.tgz not in flight; adding
37 verbose addRemoteTarball [ 'https://registry.npmjs.org/elm/-/elm-0.17.0.tgz',
37 verbose addRemoteTarball   'ed38849c61f5e145ccc96ff7137e276526badcff' ]
38 info retry fetch attempt 1 at 4:56:43 PM
39 info attempt registry request try #1 at 4:56:43 PM
40 http fetch GET https://registry.npmjs.org/elm/-/elm-0.17.0.tgz
41 http fetch 200 https://registry.npmjs.org/elm/-/elm-0.17.0.tgz
42 silly fetchAndShaCheck shasum ed38849c61f5e145ccc96ff7137e276526badcff
43 verbose addTmpTarball /var/folders/7d/b3xt21nn7yzdvs03hjr123rw0000gn/T/npm-50074-f8c22b81/registry.npmjs.org/elm/-/elm-0.17.0.tgz not in flight; adding
44 verbose addTmpTarball already have metadata; skipping unpack for elm@0.17.0
45 silly cache afterAdd elm@0.17.0
46 verbose afterAdd /Users/Home/.npm/elm/0.17.0/package/package.json not in flight; writing
47 verbose afterAdd /Users/Home/.npm/elm/0.17.0/package/package.json written
48 silly install resolved [ { name: 'elm',
48 silly install resolved     version: '0.17.0',
48 silly install resolved     description: 'The Elm Platform: Binaries for the Elm programming language.',
48 silly install resolved     preferGlobal: true,
48 silly install resolved     license: 'BSD-3-Clause',
48 silly install resolved     repository:
48 silly install resolved      { type: 'git',
48 silly install resolved        url: 'git+https://github.com/elm-lang/elm-platform.git' },
48 silly install resolved     homepage: 'https://github.com/elm-lang/elm-platform/tree/master/installers/npm',
48 silly install resolved     bugs: { url: 'https://github.com/elm-lang/elm-platform/issues' },
48 silly install resolved     author:
48 silly install resolved      { name: 'Richard Feldman',
48 silly install resolved        email: 'richard.t.feldman@gmail.com',
48 silly install resolved        url: 'https://github.com/rtfeldman' },
48 silly install resolved     engines: { node: '>=0.10.0' },
48 silly install resolved     scripts: { install: 'node install.js' },
48 silly install resolved     files:
48 silly install resolved      [ 'install.js',
48 silly install resolved        'platform.js',
48 silly install resolved        'binaries.json',
48 silly install resolved        'binwrap.js',
48 silly install resolved        'binwrappers' ],
48 silly install resolved     keywords:
48 silly install resolved      [ 'bin',
48 silly install resolved        'binary',
48 silly install resolved        'binaries',
48 silly install resolved        'elm',
48 silly install resolved        'elm-make',
48 silly install resolved        'elm-package',
48 silly install resolved        'elm-platform',
48 silly install resolved        'elm-reactor',
48 silly install resolved        'elm-repl',
48 silly install resolved        'platform' ],
48 silly install resolved     bin:
48 silly install resolved      { elm: 'binwrappers/elm',
48 silly install resolved        'elm-make': 'binwrappers/elm-make',
48 silly install resolved        'elm-package': 'binwrappers/elm-package',
48 silly install resolved        'elm-reactor': 'binwrappers/elm-reactor',
48 silly install resolved        'elm-repl': 'binwrappers/elm-repl' },
48 silly install resolved     dependencies:
48 silly install resolved      { mkdirp: '0.5.1',
48 silly install resolved        promise: '7.1.1',
48 silly install resolved        tar: '2.2.1',
48 silly install resolved        request: '2.72.0' },
48 silly install resolved     _id: 'elm@0.17.0',
48 silly install resolved     _shasum: 'ed38849c61f5e145ccc96ff7137e276526badcff',
48 silly install resolved     _from: 'elm@*',
48 silly install resolved     _npmVersion: '2.14.7',
48 silly install resolved     _nodeVersion: '4.2.1',
48 silly install resolved     _npmUser: { name: 'rtfeldman', email: 'richard.t.feldman@gmail.com' },
48 silly install resolved     dist:
48 silly install resolved      { shasum: 'ed38849c61f5e145ccc96ff7137e276526badcff',
48 silly install resolved        tarball: 'https://registry.npmjs.org/elm/-/elm-0.17.0.tgz' },
48 silly install resolved     maintainers: [ [Object], [Object] ],
48 silly install resolved     _npmOperationalInternal:
48 silly install resolved      { host: 'packages-16-east.internal.npmjs.com',
48 silly install resolved        tmp: 'tmp/elm-0.17.0.tgz_1462894163686_0.023209119448438287' },
48 silly install resolved     directories: {},
48 silly install resolved     _resolved: 'https://registry.npmjs.org/elm/-/elm-0.17.0.tgz' } ]
49 info install elm@0.17.0 into /usr/local/lib
50 info installOne elm@0.17.0
51 verbose installOne of elm to /usr/local/lib not in flight; installing
52 verbose makeDirectory /Users/Home/.npm/_locks creation not in flight; initializing
53 silly makeDirectory /Users/Home/.npm/_locks uid: 501 gid: 20
54 verbose lock using /Users/Home/.npm/_locks/elm-62d9d1dd09cbd2f2.lock for /usr/local/lib/node_modules/elm
55 silly install write writing elm 0.17.0 to /usr/local/lib/node_modules/elm
56 verbose unbuild lib/node_modules/elm
57 silly gentlyRm /usr/local/lib/node_modules/elm is being purged from base /usr/local
58 verbose gentlyRm don't care about contents; nuking /usr/local/lib/node_modules/elm
59 verbose tar unpack /Users/Home/.npm/elm/0.17.0/package.tgz
60 verbose tar unpacking to /usr/local/lib/node_modules/elm
61 silly gentlyRm /usr/local/lib/node_modules/elm is being purged
62 verbose gentlyRm don't care about contents; nuking /usr/local/lib/node_modules/elm
63 silly gunzTarPerm modes [ '755', '644' ]
64 error tar.unpack untar error /Users/Home/.npm/elm/0.17.0/package.tgz
65 verbose unlock done using /Users/Home/.npm/_locks/elm-62d9d1dd09cbd2f2.lock for /usr/local/lib/node_modules/elm
66 verbose fstream_path /usr/local/lib/node_modules/elm
67 verbose fstream_type Directory
68 verbose fstream_class DirWriter
69 verbose stack Error: EACCES: permission denied, mkdir '/usr/local/lib/node_modules/elm'
69 verbose stack     at Error (native)
70 verbose fstream_stack /usr/local/lib/node_modules/npm/node_modules/fstream/lib/dir-writer.js:35:25
70 verbose fstream_stack /usr/local/lib/node_modules/npm/node_modules/mkdirp/index.js:47:53
70 verbose fstream_stack FSReqWrap.oncomplete (fs.js:82:15)
71 verbose cwd /Users/Home/exercism/elixir/acronym
72 error Darwin 15.0.0
73 error argv "/usr/local/bin/node" "/usr/local/bin/npm" "install" "--global" "elm"
74 error node v4.2.1
75 error npm  v2.14.7
76 error path /usr/local/lib/node_modules/elm
77 error code EACCES
78 error errno -13
79 error syscall mkdir
80 error Error: EACCES: permission denied, mkdir '/usr/local/lib/node_modules/elm'
80 error     at Error (native)
80 error  { [Error: EACCES: permission denied, mkdir '/usr/local/lib/node_modules/elm']
80 error   errno: -13,
80 error   code: 'EACCES',
80 error   syscall: 'mkdir',
80 error   path: '/usr/local/lib/node_modules/elm',
80 error   fstream_type: 'Directory',
80 error   fstream_path: '/usr/local/lib/node_modules/elm',
80 error   fstream_class: 'DirWriter',
80 error   fstream_stack:
80 error    [ '/usr/local/lib/node_modules/npm/node_modules/fstream/lib/dir-writer.js:35:25',
80 error      '/usr/local/lib/node_modules/npm/node_modules/mkdirp/index.js:47:53',
80 error      'FSReqWrap.oncomplete (fs.js:82:15)' ] }
81 error Please try running this command again as root/Administrator.
82 verbose exit [ -13, true ]
83 verbose unbuild lib/node_modules/elm
84 silly gentlyRm /usr/local/lib/node_modules/elm is being purged from base /usr/local
85 verbose gentlyRm don't care about contents; nuking /usr/local/lib/node_modules/elm
